{"/Users/brandon/Downloads/mcp-starter-template/src/tools/calculator.ts": {"path":"/Users/brandon/Downloads/mcp-starter-template/src/tools/calculator.ts","statementMap":{"0":{"start":{"line":7,"column":0},"end":{"line":7,"column":41}},"1":{"start":{"line":12,"column":13},"end":{"line":85,"column":2}},"2":{"start":{"line":31,"column":42},"end":{"line":31,"column":null}},"3":{"start":{"line":36,"column":4},"end":{"line":83,"column":5}},"4":{"start":{"line":37,"column":6},"end":{"line":40,"column":9}},"5":{"start":{"line":43,"column":34},"end":{"line":43,"column":64}},"6":{"start":{"line":46,"column":21},"end":{"line":46,"column":60}},"7":{"start":{"line":50,"column":8},"end":{"line":50,"column":82}},"8":{"start":{"line":52,"column":6},"end":{"line":55,"column":9}},"9":{"start":{"line":57,"column":6},"end":{"line":64,"column":8}},"10":{"start":{"line":66,"column":27},"end":{"line":66,"column":95}},"11":{"start":{"line":68,"column":6},"end":{"line":72,"column":11}},"12":{"start":{"line":74,"column":6},"end":{"line":82,"column":8}},"13":{"start":{"line":92,"column":23},"end":{"line":92,"column":43}},"14":{"start":{"line":94,"column":2},"end":{"line":98,"column":3}},"15":{"start":{"line":95,"column":4},"end":{"line":97,"column":6}},"16":{"start":{"line":100,"column":2},"end":{"line":100,"column":27}},"17":{"start":{"line":107,"column":2},"end":{"line":119,"column":3}},"18":{"start":{"line":110,"column":19},"end":{"line":110,"column":73}},"19":{"start":{"line":112,"column":4},"end":{"line":114,"column":5}},"20":{"start":{"line":113,"column":6},"end":{"line":113,"column":52}},"21":{"start":{"line":116,"column":4},"end":{"line":116,"column":18}},"22":{"start":{"line":118,"column":4},"end":{"line":118,"column":68}}},"fnMap":{"0":{"name":"(anonymous_0)","decl":{"start":{"line":30,"column":11},"end":{"line":30,"column":16}},"loc":{"start":{"line":30,"column":73},"end":{"line":84,"column":3}}},"1":{"name":"sanitizeExpression","decl":{"start":{"line":90,"column":9},"end":{"line":90,"column":27}},"loc":{"start":{"line":90,"column":46},"end":{"line":101,"column":1}}},"2":{"name":"evaluateExpression","decl":{"start":{"line":106,"column":9},"end":{"line":106,"column":27}},"loc":{"start":{"line":106,"column":46},"end":{"line":120,"column":1}}}},"branchMap":{"0":{"loc":{"start":{"line":31,"column":24},"end":{"line":31,"column":37}},"type":"default-arg","locations":[{"start":{"line":31,"column":36},"end":{"line":31,"column":37}}]},"1":{"loc":{"start":{"line":50,"column":8},"end":{"line":50,"column":82}},"type":"cond-expr","locations":[{"start":{"line":50,"column":40},"end":{"line":50,"column":73}},{"start":{"line":50,"column":76},"end":{"line":50,"column":82}}]},"2":{"loc":{"start":{"line":66,"column":27},"end":{"line":66,"column":95}},"type":"cond-expr","locations":[{"start":{"line":66,"column":52},"end":{"line":66,"column":65}},{"start":{"line":66,"column":68},"end":{"line":66,"column":95}}]},"3":{"loc":{"start":{"line":70,"column":37},"end":{"line":70,"column":94}},"type":"cond-expr","locations":[{"start":{"line":70,"column":62},"end":{"line":70,"column":67}},{"start":{"line":70,"column":70},"end":{"line":70,"column":94}}]},"4":{"loc":{"start":{"line":94,"column":2},"end":{"line":98,"column":3}},"type":"if","locations":[{"start":{"line":94,"column":2},"end":{"line":98,"column":3}}]},"5":{"loc":{"start":{"line":112,"column":4},"end":{"line":114,"column":5}},"type":"if","locations":[{"start":{"line":112,"column":4},"end":{"line":114,"column":5}}]},"6":{"loc":{"start":{"line":112,"column":8},"end":{"line":112,"column":55}},"type":"binary-expr","locations":[{"start":{"line":112,"column":8},"end":{"line":112,"column":34}},{"start":{"line":112,"column":38},"end":{"line":112,"column":55}}]}},"s":{"0":3,"1":3,"2":5,"3":5,"4":5,"5":5,"6":3,"7":3,"8":3,"9":3,"10":2,"11":2,"12":2,"13":5,"14":5,"15":2,"16":3,"17":3,"18":3,"19":3,"20":0,"21":3,"22":0},"f":{"0":5,"1":5,"2":3},"b":{"0":[3],"1":[3,0],"2":[2,0],"3":[2,0],"4":[2],"5":[0],"6":[3,3]}}
,"/Users/brandon/Downloads/mcp-starter-template/src/tools/setup.ts": {"path":"/Users/brandon/Downloads/mcp-starter-template/src/tools/setup.ts","statementMap":{"0":{"start":{"line":25,"column":0},"end":{"line":25,"column":7}},"1":{"start":{"line":33,"column":0},"end":{"line":33,"column":7}},"2":{"start":{"line":41,"column":0},"end":{"line":41,"column":16}},"3":{"start":{"line":7,"column":0},"end":{"line":7,"column":48}},"4":{"start":{"line":8,"column":0},"end":{"line":8,"column":49}},"5":{"start":{"line":9,"column":0},"end":{"line":9,"column":58}},"6":{"start":{"line":10,"column":0},"end":{"line":10,"column":43}},"7":{"start":{"line":15,"column":39},"end":{"line":20,"column":2}},"8":{"start":{"line":27,"column":2},"end":{"line":27,"column":22}},"9":{"start":{"line":34,"column":16},"end":{"line":34,"column":34}},"10":{"start":{"line":35,"column":2},"end":{"line":35,"column":48}},"11":{"start":{"line":35,"column":28},"end":{"line":35,"column":46}},"12":{"start":{"line":46,"column":19},"end":{"line":46,"column":50}},"13":{"start":{"line":47,"column":18},"end":{"line":47,"column":60}},"14":{"start":{"line":47,"column":43},"end":{"line":47,"column":59}},"15":{"start":{"line":49,"column":2},"end":{"line":54,"column":3}},"16":{"start":{"line":50,"column":4},"end":{"line":53,"column":6}},"17":{"start":{"line":52,"column":35},"end":{"line":52,"column":73}},"18":{"start":{"line":56,"column":2},"end":{"line":56,"column":25}}},"fnMap":{"0":{"name":"setupTools","decl":{"start":{"line":25,"column":22},"end":{"line":25,"column":32}},"loc":{"start":{"line":25,"column":32},"end":{"line":28,"column":1}}},"1":{"name":"getTool","decl":{"start":{"line":33,"column":22},"end":{"line":33,"column":29}},"loc":{"start":{"line":33,"column":42},"end":{"line":36,"column":1}}},"2":{"name":"(anonymous_2)","decl":{"start":{"line":35,"column":20},"end":{"line":35,"column":24}},"loc":{"start":{"line":35,"column":28},"end":{"line":35,"column":46}}},"3":{"name":"validateToolArguments","decl":{"start":{"line":41,"column":16},"end":{"line":41,"column":37}},"loc":{"start":{"line":43,"column":31},"end":{"line":57,"column":1}}},"4":{"name":"(anonymous_4)","decl":{"start":{"line":47,"column":34},"end":{"line":47,"column":39}},"loc":{"start":{"line":47,"column":43},"end":{"line":47,"column":59}}},"5":{"name":"(anonymous_5)","decl":{"start":{"line":52,"column":26},"end":{"line":52,"column":31}},"loc":{"start":{"line":52,"column":35},"end":{"line":52,"column":73}}}},"branchMap":{"0":{"loc":{"start":{"line":46,"column":19},"end":{"line":46,"column":50}},"type":"binary-expr","locations":[{"start":{"line":46,"column":19},"end":{"line":46,"column":44}},{"start":{"line":46,"column":48},"end":{"line":46,"column":50}}]},"1":{"loc":{"start":{"line":49,"column":2},"end":{"line":54,"column":3}},"type":"if","locations":[{"start":{"line":49,"column":2},"end":{"line":54,"column":3}}]}},"s":{"0":2,"1":2,"2":2,"3":2,"4":2,"5":2,"6":2,"7":2,"8":8,"9":7,"10":7,"11":20,"12":4,"13":4,"14":6,"15":4,"16":2,"17":2,"18":2},"f":{"0":8,"1":7,"2":20,"3":4,"4":6,"5":2},"b":{"0":[4,0],"1":[2]}}
,"/Users/brandon/Downloads/mcp-starter-template/src/tools/text-processing.ts": {"path":"/Users/brandon/Downloads/mcp-starter-template/src/tools/text-processing.ts","statementMap":{"0":{"start":{"line":6,"column":0},"end":{"line":6,"column":41}},"1":{"start":{"line":28,"column":13},"end":{"line":135,"column":2}},"2":{"start":{"line":65,"column":41},"end":{"line":65,"column":null}},"3":{"start":{"line":71,"column":21},"end":{"line":71,"column":57}},"4":{"start":{"line":72,"column":17},"end":{"line":75,"column":6}},"5":{"start":{"line":77,"column":22},"end":{"line":77,"column":39}},"6":{"start":{"line":78,"column":4},"end":{"line":81,"column":7}},"7":{"start":{"line":83,"column":4},"end":{"line":133,"column":5}},"8":{"start":{"line":86,"column":6},"end":{"line":108,"column":7}},"9":{"start":{"line":88,"column":10},"end":{"line":88,"column":69}},"10":{"start":{"line":89,"column":10},"end":{"line":89,"column":16}},"11":{"start":{"line":92,"column":10},"end":{"line":92,"column":42}},"12":{"start":{"line":93,"column":10},"end":{"line":93,"column":16}},"13":{"start":{"line":95,"column":10},"end":{"line":95,"column":42}},"14":{"start":{"line":96,"column":10},"end":{"line":96,"column":16}},"15":{"start":{"line":98,"column":10},"end":{"line":98,"column":46}},"16":{"start":{"line":99,"column":10},"end":{"line":99,"column":16}},"17":{"start":{"line":101,"column":10},"end":{"line":101,"column":40}},"18":{"start":{"line":102,"column":10},"end":{"line":102,"column":16}},"19":{"start":{"line":104,"column":10},"end":{"line":104,"column":46}},"20":{"start":{"line":105,"column":10},"end":{"line":105,"column":16}},"21":{"start":{"line":107,"column":10},"end":{"line":107,"column":73}},"22":{"start":{"line":110,"column":6},"end":{"line":110,"column":81}},"23":{"start":{"line":112,"column":23},"end":{"line":112,"column":78}},"24":{"start":{"line":114,"column":6},"end":{"line":122,"column":8}},"25":{"start":{"line":124,"column":20},"end":{"line":124,"column":71}},"26":{"start":{"line":125,"column":6},"end":{"line":127,"column":95}},"27":{"start":{"line":129,"column":6},"end":{"line":132,"column":8}},"28":{"start":{"line":142,"column":16},"end":{"line":142,"column":39}},"29":{"start":{"line":143,"column":28},"end":{"line":143,"column":70}},"30":{"start":{"line":144,"column":21},"end":{"line":144,"column":46}},"31":{"start":{"line":145,"column":24},"end":{"line":145,"column":69}},"32":{"start":{"line":146,"column":2},"end":{"line":146,"column":65}},"33":{"start":{"line":153,"column":2},"end":{"line":162,"column":3}},"34":{"start":{"line":154,"column":4},"end":{"line":159,"column":5}},"35":{"start":{"line":155,"column":18},"end":{"line":155,"column":85}},"36":{"start":{"line":156,"column":30},"end":{"line":156,"column":32}},"37":{"start":{"line":157,"column":6},"end":{"line":157,"column":71}},"38":{"start":{"line":157,"column":51},"end":{"line":157,"column":71}},"39":{"start":{"line":158,"column":6},"end":{"line":158,"column":38}},"40":{"start":{"line":163,"column":2},"end":{"line":163,"column":45}},"41":{"start":{"line":170,"column":21},"end":{"line":170,"column":40}},"42":{"start":{"line":172,"column":21},"end":{"line":172,"column":60}},"43":{"start":{"line":173,"column":16},"end":{"line":173,"column":33}},"44":{"start":{"line":175,"column":20},"end":{"line":178,"column":27}},"45":{"start":{"line":177,"column":14},"end":{"line":177,"column":22}},"46":{"start":{"line":180,"column":21},"end":{"line":183,"column":27}},"47":{"start":{"line":182,"column":14},"end":{"line":182,"column":22}},"48":{"start":{"line":185,"column":34},"end":{"line":185,"column":97}},"49":{"start":{"line":187,"column":2},"end":{"line":187,"column":67}},"50":{"start":{"line":194,"column":21},"end":{"line":194,"column":54}},"51":{"start":{"line":195,"column":17},"end":{"line":198,"column":20}},"52":{"start":{"line":200,"column":19},"end":{"line":214,"column":4}},"53":{"start":{"line":216,"column":19},"end":{"line":230,"column":4}},"54":{"start":{"line":232,"column":12},"end":{"line":232,"column":13}},"55":{"start":{"line":233,"column":10},"end":{"line":233,"column":11}},"56":{"start":{"line":234,"column":2},"end":{"line":237,"column":3}},"57":{"start":{"line":235,"column":4},"end":{"line":235,"column":31}},"58":{"start":{"line":235,"column":25},"end":{"line":235,"column":31}},"59":{"start":{"line":236,"column":4},"end":{"line":236,"column":31}},"60":{"start":{"line":236,"column":25},"end":{"line":236,"column":31}},"61":{"start":{"line":239,"column":16},"end":{"line":239,"column":25}},"62":{"start":{"line":240,"column":14},"end":{"line":240,"column":49}},"63":{"start":{"line":243,"column":4},"end":{"line":243,"column":64}},"64":{"start":{"line":245,"column":21},"end":{"line":245,"column":51}},"65":{"start":{"line":247,"column":2},"end":{"line":251,"column":4}},"66":{"start":{"line":256,"column":2},"end":{"line":256,"column":45}}},"fnMap":{"0":{"name":"(anonymous_0)","decl":{"start":{"line":64,"column":11},"end":{"line":64,"column":16}},"loc":{"start":{"line":64,"column":73},"end":{"line":134,"column":3}}},"1":{"name":"countCharacters","decl":{"start":{"line":140,"column":9},"end":{"line":140,"column":24}},"loc":{"start":{"line":140,"column":65},"end":{"line":147,"column":1}}},"2":{"name":"reverseGraphemes","decl":{"start":{"line":152,"column":9},"end":{"line":152,"column":25}},"loc":{"start":{"line":152,"column":38},"end":{"line":164,"column":1}}},"3":{"name":"countWords","decl":{"start":{"line":169,"column":9},"end":{"line":169,"column":19}},"loc":{"start":{"line":169,"column":32},"end":{"line":188,"column":1}}},"4":{"name":"(anonymous_4)","decl":{"start":{"line":177,"column":9},"end":{"line":177,"column":10}},"loc":{"start":{"line":177,"column":14},"end":{"line":177,"column":22}}},"5":{"name":"(anonymous_5)","decl":{"start":{"line":182,"column":9},"end":{"line":182,"column":10}},"loc":{"start":{"line":182,"column":14},"end":{"line":182,"column":22}}},"6":{"name":"analyzeSentiment","decl":{"start":{"line":193,"column":9},"end":{"line":193,"column":25}},"loc":{"start":{"line":193,"column":38},"end":{"line":252,"column":1}}},"7":{"name":"normalizeText","decl":{"start":{"line":254,"column":9},"end":{"line":254,"column":22}},"loc":{"start":{"line":254,"column":35},"end":{"line":257,"column":1}}}},"branchMap":{"0":{"loc":{"start":{"line":71,"column":21},"end":{"line":71,"column":57}},"type":"cond-expr","locations":[{"start":{"line":71,"column":48},"end":{"line":71,"column":52}},{"start":{"line":71,"column":55},"end":{"line":71,"column":57}}]},"1":{"loc":{"start":{"line":73,"column":21},"end":{"line":73,"column":51}},"type":"binary-expr","locations":[{"start":{"line":73,"column":21},"end":{"line":73,"column":43}},{"start":{"line":73,"column":47},"end":{"line":73,"column":51}}]},"2":{"loc":{"start":{"line":74,"column":25},"end":{"line":74,"column":59}},"type":"binary-expr","locations":[{"start":{"line":74,"column":25},"end":{"line":74,"column":51}},{"start":{"line":74,"column":55},"end":{"line":74,"column":59}}]},"3":{"loc":{"start":{"line":86,"column":6},"end":{"line":108,"column":7}},"type":"switch","locations":[{"start":{"line":87,"column":8},"end":{"line":90,"column":9}},{"start":{"line":91,"column":8},"end":{"line":93,"column":16}},{"start":{"line":94,"column":8},"end":{"line":96,"column":16}},{"start":{"line":97,"column":8},"end":{"line":99,"column":16}},{"start":{"line":100,"column":8},"end":{"line":102,"column":16}},{"start":{"line":103,"column":8},"end":{"line":105,"column":16}},{"start":{"line":106,"column":8},"end":{"line":107,"column":73}}]},"4":{"loc":{"start":{"line":112,"column":23},"end":{"line":112,"column":78}},"type":"cond-expr","locations":[{"start":{"line":112,"column":52},"end":{"line":112,"column":69}},{"start":{"line":112,"column":72},"end":{"line":112,"column":78}}]},"5":{"loc":{"start":{"line":119,"column":18},"end":{"line":119,"column":87}},"type":"cond-expr","locations":[{"start":{"line":119,"column":47},"end":{"line":119,"column":53}},{"start":{"line":119,"column":56},"end":{"line":119,"column":87}}]},"6":{"loc":{"start":{"line":124,"column":20},"end":{"line":124,"column":71}},"type":"cond-expr","locations":[{"start":{"line":124,"column":43},"end":{"line":124,"column":46}},{"start":{"line":124,"column":49},"end":{"line":124,"column":71}}]},"7":{"loc":{"start":{"line":145,"column":24},"end":{"line":145,"column":69}},"type":"cond-expr","locations":[{"start":{"line":145,"column":44},"end":{"line":145,"column":49}},{"start":{"line":145,"column":52},"end":{"line":145,"column":69}}]},"8":{"loc":{"start":{"line":154,"column":4},"end":{"line":159,"column":5}},"type":"if","locations":[{"start":{"line":154,"column":4},"end":{"line":159,"column":5}}]},"9":{"loc":{"start":{"line":154,"column":8},"end":{"line":154,"column":62}},"type":"binary-expr","locations":[{"start":{"line":154,"column":8},"end":{"line":154,"column":35}},{"start":{"line":154,"column":40},"end":{"line":154,"column":62}}]},"10":{"loc":{"start":{"line":185,"column":34},"end":{"line":185,"column":97}},"type":"cond-expr","locations":[{"start":{"line":185,"column":50},"end":{"line":185,"column":93}},{"start":{"line":185,"column":96},"end":{"line":185,"column":97}}]},"11":{"loc":{"start":{"line":235,"column":4},"end":{"line":235,"column":31}},"type":"if","locations":[{"start":{"line":235,"column":4},"end":{"line":235,"column":31}}]},"12":{"loc":{"start":{"line":236,"column":4},"end":{"line":236,"column":31}},"type":"if","locations":[{"start":{"line":236,"column":4},"end":{"line":236,"column":31}}]},"13":{"loc":{"start":{"line":240,"column":14},"end":{"line":240,"column":49}},"type":"cond-expr","locations":[{"start":{"line":240,"column":26},"end":{"line":240,"column":45}},{"start":{"line":240,"column":48},"end":{"line":240,"column":49}}]},"14":{"loc":{"start":{"line":243,"column":4},"end":{"line":243,"column":64}},"type":"cond-expr","locations":[{"start":{"line":243,"column":16},"end":{"line":243,"column":26}},{"start":{"line":243,"column":29},"end":{"line":243,"column":64}}]},"15":{"loc":{"start":{"line":243,"column":29},"end":{"line":243,"column":64}},"type":"cond-expr","locations":[{"start":{"line":243,"column":42},"end":{"line":243,"column":52}},{"start":{"line":243,"column":55},"end":{"line":243,"column":64}}]}},"s":{"0":3,"1":3,"2":11,"3":11,"4":11,"5":11,"6":11,"7":11,"8":11,"9":3,"10":3,"11":1,"12":1,"13":1,"14":1,"15":1,"16":1,"17":1,"18":1,"19":3,"20":3,"21":1,"22":10,"23":10,"24":10,"25":1,"26":1,"27":1,"28":3,"29":3,"30":3,"31":3,"32":3,"33":1,"34":1,"35":1,"36":1,"37":1,"38":4,"39":1,"40":0,"41":1,"42":1,"43":1,"44":1,"45":4,"46":1,"47":2,"48":1,"49":1,"50":3,"51":3,"52":3,"53":3,"54":3,"55":3,"56":3,"57":21,"58":5,"59":21,"60":6,"61":3,"62":3,"63":3,"64":3,"65":3,"66":4},"f":{"0":11,"1":3,"2":1,"3":1,"4":4,"5":2,"6":3,"7":4},"b":{"0":[11,0],"1":[11,11],"2":[11,10],"3":[3,1,1,1,1,3,1],"4":[3,7],"5":[3,7],"6":[1,0],"7":[2,1],"8":[1],"9":[1,1],"10":[1,0],"11":[5],"12":[6],"13":[3,0],"14":[1,2],"15":[1,1]}}
,"/Users/brandon/Downloads/mcp-starter-template/src/utils/config.ts": {"path":"/Users/brandon/Downloads/mcp-starter-template/src/utils/config.ts","statementMap":{"0":{"start":{"line":15,"column":0},"end":{"line":15,"column":16}},"1":{"start":{"line":37,"column":0},"end":{"line":37,"column":16}},"2":{"start":{"line":57,"column":0},"end":{"line":57,"column":16}},"3":{"start":{"line":67,"column":0},"end":{"line":67,"column":16}},"4":{"start":{"line":74,"column":0},"end":{"line":74,"column":16}},"5":{"start":{"line":81,"column":0},"end":{"line":81,"column":16}},"6":{"start":{"line":88,"column":0},"end":{"line":88,"column":16}},"7":{"start":{"line":6,"column":0},"end":{"line":6,"column":43}},"8":{"start":{"line":7,"column":0},"end":{"line":7,"column":57}},"9":{"start":{"line":10,"column":0},"end":{"line":10,"column":10}},"10":{"start":{"line":16,"column":20},"end":{"line":24,"column":4}},"11":{"start":{"line":22,"column":68},"end":{"line":22,"column":81}},"12":{"start":{"line":26,"column":2},"end":{"line":31,"column":3}},"13":{"start":{"line":27,"column":4},"end":{"line":27,"column":41}},"14":{"start":{"line":29,"column":4},"end":{"line":29,"column":61}},"15":{"start":{"line":30,"column":4},"end":{"line":30,"column":87}},"16":{"start":{"line":38,"column":2},"end":{"line":49,"column":3}},"17":{"start":{"line":39,"column":19},"end":{"line":39,"column":31}},"18":{"start":{"line":40,"column":4},"end":{"line":45,"column":7}},"19":{"start":{"line":47,"column":4},"end":{"line":47,"column":61}},"20":{"start":{"line":48,"column":4},"end":{"line":48,"column":20}},"21":{"start":{"line":55,"column":34},"end":{"line":55,"column":38}},"22":{"start":{"line":58,"column":2},"end":{"line":60,"column":3}},"23":{"start":{"line":59,"column":4},"end":{"line":59,"column":32}},"24":{"start":{"line":61,"column":2},"end":{"line":61,"column":22}},"25":{"start":{"line":68,"column":2},"end":{"line":68,"column":22}},"26":{"start":{"line":75,"column":2},"end":{"line":75,"column":51}},"27":{"start":{"line":82,"column":2},"end":{"line":82,"column":50}},"28":{"start":{"line":89,"column":2},"end":{"line":89,"column":44}}},"fnMap":{"0":{"name":"loadConfig","decl":{"start":{"line":15,"column":16},"end":{"line":15,"column":26}},"loc":{"start":{"line":15,"column":26},"end":{"line":32,"column":1}}},"1":{"name":"(anonymous_1)","decl":{"start":{"line":22,"column":58},"end":{"line":22,"column":64}},"loc":{"start":{"line":22,"column":68},"end":{"line":22,"column":81}}},"2":{"name":"validateConfig","decl":{"start":{"line":37,"column":16},"end":{"line":37,"column":30}},"loc":{"start":{"line":37,"column":30},"end":{"line":50,"column":1}}},"3":{"name":"getConfig","decl":{"start":{"line":57,"column":16},"end":{"line":57,"column":25}},"loc":{"start":{"line":57,"column":25},"end":{"line":62,"column":1}}},"4":{"name":"resetConfigCache","decl":{"start":{"line":67,"column":16},"end":{"line":67,"column":32}},"loc":{"start":{"line":67,"column":32},"end":{"line":69,"column":1}}},"5":{"name":"isDevelopment","decl":{"start":{"line":74,"column":16},"end":{"line":74,"column":29}},"loc":{"start":{"line":74,"column":29},"end":{"line":76,"column":1}}},"6":{"name":"isProduction","decl":{"start":{"line":81,"column":16},"end":{"line":81,"column":28}},"loc":{"start":{"line":81,"column":28},"end":{"line":83,"column":1}}},"7":{"name":"isTest","decl":{"start":{"line":88,"column":16},"end":{"line":88,"column":22}},"loc":{"start":{"line":88,"column":22},"end":{"line":90,"column":1}}}},"branchMap":{"0":{"loc":{"start":{"line":17,"column":10},"end":{"line":17,"column":71}},"type":"cond-expr","locations":[{"start":{"line":17,"column":29},"end":{"line":17,"column":59}},{"start":{"line":17,"column":62},"end":{"line":17,"column":71}}]},"1":{"loc":{"start":{"line":58,"column":2},"end":{"line":60,"column":3}},"type":"if","locations":[{"start":{"line":58,"column":2},"end":{"line":60,"column":3}}]}},"s":{"0":6,"1":6,"2":6,"3":6,"4":6,"5":6,"6":6,"7":6,"8":6,"9":6,"10":7,"11":2,"12":7,"13":7,"14":1,"15":1,"16":1,"17":1,"18":0,"19":1,"20":1,"21":6,"22":12,"23":5,"24":12,"25":6,"26":3,"27":3,"28":3},"f":{"0":7,"1":2,"2":1,"3":12,"4":6,"5":3,"6":3,"7":3},"b":{"0":[7,0],"1":[5]}}
,"/Users/brandon/Downloads/mcp-starter-template/src/utils/errors.ts": {"path":"/Users/brandon/Downloads/mcp-starter-template/src/utils/errors.ts","statementMap":{"0":{"start":{"line":77,"column":0},"end":{"line":77,"column":16}},"1":{"start":{"line":112,"column":0},"end":{"line":112,"column":16}},"2":{"start":{"line":119,"column":0},"end":{"line":119,"column":16}},"3":{"start":{"line":144,"column":0},"end":{"line":144,"column":16}},"4":{"start":{"line":151,"column":0},"end":{"line":151,"column":16}},"5":{"start":{"line":166,"column":0},"end":{"line":166,"column":16}},"6":{"start":{"line":7,"column":0},"end":{"line":7,"column":34}},"7":{"start":{"line":23,"column":4},"end":{"line":23,"column":19}},"8":{"start":{"line":24,"column":4},"end":{"line":24,"column":27}},"9":{"start":{"line":25,"column":4},"end":{"line":25,"column":21}},"10":{"start":{"line":26,"column":4},"end":{"line":26,"column":33}},"11":{"start":{"line":27,"column":4},"end":{"line":27,"column":27}},"12":{"start":{"line":30,"column":4},"end":{"line":30,"column":44}},"13":{"start":{"line":12,"column":0},"end":{"line":12,"column":13}},"14":{"start":{"line":39,"column":4},"end":{"line":39,"column":53}},"15":{"start":{"line":40,"column":4},"end":{"line":40,"column":34}},"16":{"start":{"line":37,"column":0},"end":{"line":37,"column":13}},"17":{"start":{"line":49,"column":4},"end":{"line":54,"column":7}},"18":{"start":{"line":55,"column":4},"end":{"line":55,"column":37}},"19":{"start":{"line":47,"column":0},"end":{"line":47,"column":13}},"20":{"start":{"line":64,"column":4},"end":{"line":69,"column":7}},"21":{"start":{"line":70,"column":4},"end":{"line":70,"column":38}},"22":{"start":{"line":62,"column":0},"end":{"line":62,"column":13}},"23":{"start":{"line":81,"column":13},"end":{"line":81,"column":29}},"24":{"start":{"line":82,"column":16},"end":{"line":82,"column":44}},"25":{"start":{"line":85,"column":2},"end":{"line":92,"column":3}},"26":{"start":{"line":86,"column":4},"end":{"line":86,"column":22}},"27":{"start":{"line":87,"column":4},"end":{"line":87,"column":28}},"28":{"start":{"line":88,"column":4},"end":{"line":88,"column":28}},"29":{"start":{"line":89,"column":9},"end":{"line":92,"column":3}},"30":{"start":{"line":90,"column":4},"end":{"line":90,"column":28}},"31":{"start":{"line":91,"column":4},"end":{"line":91,"column":37}},"32":{"start":{"line":94,"column":39},"end":{"line":101,"column":4}},"33":{"start":{"line":104,"column":2},"end":{"line":104,"column":91}},"34":{"start":{"line":106,"column":2},"end":{"line":106,"column":23}},"35":{"start":{"line":113,"column":2},"end":{"line":113,"column":75}},"36":{"start":{"line":122,"column":2},"end":{"line":138,"column":4}},"37":{"start":{"line":123,"column":4},"end":{"line":137,"column":5}},"38":{"start":{"line":124,"column":6},"end":{"line":124,"column":31}},"39":{"start":{"line":126,"column":6},"end":{"line":128,"column":7}},"40":{"start":{"line":127,"column":8},"end":{"line":127,"column":20}},"41":{"start":{"line":131,"column":6},"end":{"line":136,"column":8}},"42":{"start":{"line":145,"column":2},"end":{"line":145,"column":32}},"43":{"start":{"line":152,"column":2},"end":{"line":154,"column":3}},"44":{"start":{"line":153,"column":4},"end":{"line":153,"column":25}},"45":{"start":{"line":156,"column":2},"end":{"line":158,"column":3}},"46":{"start":{"line":157,"column":4},"end":{"line":157,"column":17}},"47":{"start":{"line":160,"column":2},"end":{"line":160,"column":34}},"48":{"start":{"line":167,"column":2},"end":{"line":171,"column":5}},"49":{"start":{"line":168,"column":4},"end":{"line":170,"column":7}},"50":{"start":{"line":173,"column":2},"end":{"line":176,"column":5}},"51":{"start":{"line":174,"column":4},"end":{"line":174,"column":43}},"52":{"start":{"line":175,"column":4},"end":{"line":175,"column":20}}},"fnMap":{"0":{"name":"(anonymous_0)","decl":{"start":{"line":17,"column":2},"end":{"line":17,"column":null}},"loc":{"start":{"line":21,"column":21},"end":{"line":31,"column":3}}},"1":{"name":"(anonymous_1)","decl":{"start":{"line":38,"column":2},"end":{"line":38,"column":14}},"loc":{"start":{"line":38,"column":48},"end":{"line":41,"column":3}}},"2":{"name":"(anonymous_2)","decl":{"start":{"line":48,"column":2},"end":{"line":48,"column":14}},"loc":{"start":{"line":48,"column":66},"end":{"line":56,"column":3}}},"3":{"name":"(anonymous_3)","decl":{"start":{"line":63,"column":2},"end":{"line":63,"column":14}},"loc":{"start":{"line":63,"column":69},"end":{"line":71,"column":3}}},"4":{"name":"createErrorResponse","decl":{"start":{"line":77,"column":16},"end":{"line":77,"column":35}},"loc":{"start":{"line":79,"column":41},"end":{"line":107,"column":1}}},"5":{"name":"generateRequestId","decl":{"start":{"line":112,"column":16},"end":{"line":112,"column":33}},"loc":{"start":{"line":112,"column":33},"end":{"line":114,"column":1}}},"6":{"name":"asyncErrorHandler","decl":{"start":{"line":119,"column":16},"end":{"line":119,"column":33}},"loc":{"start":{"line":120,"column":32},"end":{"line":139,"column":1}}},"7":{"name":"(anonymous_7)","decl":{"start":{"line":122,"column":9},"end":{"line":122,"column":14}},"loc":{"start":{"line":122,"column":42},"end":{"line":138,"column":3}}},"8":{"name":"isError","decl":{"start":{"line":144,"column":16},"end":{"line":144,"column":23}},"loc":{"start":{"line":144,"column":38},"end":{"line":146,"column":1}}},"9":{"name":"getErrorMessage","decl":{"start":{"line":151,"column":16},"end":{"line":151,"column":31}},"loc":{"start":{"line":151,"column":46},"end":{"line":161,"column":1}}},"10":{"name":"setupGlobalErrorHandlers","decl":{"start":{"line":166,"column":16},"end":{"line":166,"column":40}},"loc":{"start":{"line":166,"column":40},"end":{"line":177,"column":1}}},"11":{"name":"(anonymous_11)","decl":{"start":{"line":167,"column":35},"end":{"line":167,"column":36}},"loc":{"start":{"line":167,"column":55},"end":{"line":171,"column":3}}},"12":{"name":"(anonymous_12)","decl":{"start":{"line":173,"column":34},"end":{"line":173,"column":39}},"loc":{"start":{"line":173,"column":42},"end":{"line":176,"column":3}}}},"branchMap":{"0":{"loc":{"start":{"line":19,"column":4},"end":{"line":19,"column":30}},"type":"default-arg","locations":[{"start":{"line":19,"column":19},"end":{"line":19,"column":30}}]},"1":{"loc":{"start":{"line":20,"column":4},"end":{"line":20,"column":28}},"type":"default-arg","locations":[{"start":{"line":20,"column":25},"end":{"line":20,"column":28}}]},"2":{"loc":{"start":{"line":51,"column":10},"end":{"line":53,"column":12}},"type":"cond-expr","locations":[{"start":{"line":52,"column":11},"end":{"line":52,"column":46}},{"start":{"line":53,"column":10},"end":{"line":53,"column":12}}]},"3":{"loc":{"start":{"line":51,"column":10},"end":{"line":51,"column":68}},"type":"binary-expr","locations":[{"start":{"line":51,"column":10},"end":{"line":51,"column":17}},{"start":{"line":51,"column":21},"end":{"line":51,"column":48}},{"start":{"line":51,"column":52},"end":{"line":51,"column":68}}]},"4":{"loc":{"start":{"line":66,"column":10},"end":{"line":68,"column":12}},"type":"cond-expr","locations":[{"start":{"line":67,"column":11},"end":{"line":67,"column":46}},{"start":{"line":68,"column":10},"end":{"line":68,"column":12}}]},"5":{"loc":{"start":{"line":66,"column":10},"end":{"line":66,"column":68}},"type":"binary-expr","locations":[{"start":{"line":66,"column":10},"end":{"line":66,"column":17}},{"start":{"line":66,"column":21},"end":{"line":66,"column":48}},{"start":{"line":66,"column":52},"end":{"line":66,"column":68}}]},"6":{"loc":{"start":{"line":79,"column":2},"end":{"line":79,"column":41}},"type":"default-arg","locations":[{"start":{"line":79,"column":22},"end":{"line":79,"column":41}}]},"7":{"loc":{"start":{"line":85,"column":2},"end":{"line":92,"column":3}},"type":"if","locations":[{"start":{"line":85,"column":2},"end":{"line":92,"column":3}},{"start":{"line":89,"column":9},"end":{"line":92,"column":3}}]},"8":{"loc":{"start":{"line":89,"column":9},"end":{"line":92,"column":3}},"type":"if","locations":[{"start":{"line":89,"column":9},"end":{"line":92,"column":3}}]},"9":{"loc":{"start":{"line":126,"column":6},"end":{"line":128,"column":7}},"type":"if","locations":[{"start":{"line":126,"column":6},"end":{"line":128,"column":7}}]},"10":{"loc":{"start":{"line":132,"column":8},"end":{"line":132,"column":73}},"type":"cond-expr","locations":[{"start":{"line":132,"column":33},"end":{"line":132,"column":46}},{"start":{"line":132,"column":49},"end":{"line":132,"column":73}}]},"11":{"loc":{"start":{"line":135,"column":8},"end":{"line":135,"column":67}},"type":"cond-expr","locations":[{"start":{"line":135,"column":33},"end":{"line":135,"column":55}},{"start":{"line":135,"column":58},"end":{"line":135,"column":67}}]},"12":{"loc":{"start":{"line":152,"column":2},"end":{"line":154,"column":3}},"type":"if","locations":[{"start":{"line":152,"column":2},"end":{"line":154,"column":3}}]},"13":{"loc":{"start":{"line":156,"column":2},"end":{"line":158,"column":3}},"type":"if","locations":[{"start":{"line":156,"column":2},"end":{"line":158,"column":3}}]},"14":{"loc":{"start":{"line":168,"column":45},"end":{"line":168,"column":97}},"type":"cond-expr","locations":[{"start":{"line":168,"column":63},"end":{"line":168,"column":69}},{"start":{"line":168,"column":72},"end":{"line":168,"column":97}}]}},"s":{"0":2,"1":2,"2":2,"3":2,"4":2,"5":2,"6":2,"7":8,"8":8,"9":8,"10":8,"11":8,"12":8,"13":2,"14":3,"15":3,"16":2,"17":1,"18":1,"19":2,"20":1,"21":1,"22":2,"23":3,"24":3,"25":3,"26":1,"27":1,"28":1,"29":2,"30":1,"31":1,"32":3,"33":3,"34":3,"35":3,"36":3,"37":3,"38":3,"39":3,"40":1,"41":2,"42":4,"43":3,"44":1,"45":2,"46":1,"47":1,"48":4,"49":1,"50":4,"51":1,"52":1},"f":{"0":8,"1":3,"2":1,"3":1,"4":3,"5":3,"6":3,"7":3,"8":4,"9":3,"10":4,"11":1,"12":1},"b":{"0":[0],"1":[0],"2":[1,0],"3":[1,1,1],"4":[1,0],"5":[1,1,1],"6":[0],"7":[1,2],"8":[1],"9":[1],"10":[1,1],"11":[1,1],"12":[1],"13":[1],"14":[0,1]}}
,"/Users/brandon/Downloads/mcp-starter-template/src/utils/validation.ts": {"path":"/Users/brandon/Downloads/mcp-starter-template/src/utils/validation.ts","statementMap":{"0":{"start":{"line":48,"column":0},"end":{"line":48,"column":16}},"1":{"start":{"line":73,"column":0},"end":{"line":73,"column":16}},"2":{"start":{"line":83,"column":0},"end":{"line":83,"column":16}},"3":{"start":{"line":97,"column":0},"end":{"line":97,"column":16}},"4":{"start":{"line":6,"column":0},"end":{"line":6,"column":24}},"5":{"start":{"line":12,"column":13},"end":{"line":43,"column":2}},"6":{"start":{"line":30,"column":14},"end":{"line":30,"column":59}},"7":{"start":{"line":52,"column":2},"end":{"line":67,"column":3}},"8":{"start":{"line":53,"column":17},"end":{"line":53,"column":36}},"9":{"start":{"line":54,"column":4},"end":{"line":54,"column":35}},"10":{"start":{"line":56,"column":4},"end":{"line":63,"column":5}},"11":{"start":{"line":57,"column":46},"end":{"line":61,"column":9}},"12":{"start":{"line":57,"column":71},"end":{"line":61,"column":8}},"13":{"start":{"line":60,"column":50},"end":{"line":60,"column":60}},"14":{"start":{"line":62,"column":6},"end":{"line":62,"column":40}},"15":{"start":{"line":66,"column":4},"end":{"line":66,"column":16}},"16":{"start":{"line":74,"column":2},"end":{"line":77,"column":12}},"17":{"start":{"line":84,"column":21},"end":{"line":84,"column":64}},"18":{"start":{"line":86,"column":2},"end":{"line":88,"column":3}},"19":{"start":{"line":87,"column":4},"end":{"line":87,"column":75}},"20":{"start":{"line":91,"column":2},"end":{"line":91,"column":48}},"21":{"start":{"line":98,"column":2},"end":{"line":107,"column":4}},"22":{"start":{"line":99,"column":23},"end":{"line":99,"column":51}},"23":{"start":{"line":101,"column":4},"end":{"line":104,"column":5}},"24":{"start":{"line":102,"column":27},"end":{"line":102,"column":98}},"25":{"start":{"line":102,"column":56},"end":{"line":102,"column":86}},"26":{"start":{"line":103,"column":6},"end":{"line":103,"column":60}},"27":{"start":{"line":106,"column":4},"end":{"line":106,"column":27}},"28":{"start":{"line":113,"column":13},"end":{"line":116,"column":3}},"29":{"start":{"line":121,"column":13},"end":{"line":127,"column":4}},"30":{"start":{"line":125,"column":11},"end":{"line":125,"column":69}}},"fnMap":{"0":{"name":"(anonymous_0)","decl":{"start":{"line":30,"column":6},"end":{"line":30,"column":10}},"loc":{"start":{"line":30,"column":14},"end":{"line":30,"column":59}}},"1":{"name":"validateInput","decl":{"start":{"line":48,"column":16},"end":{"line":48,"column":29}},"loc":{"start":{"line":50,"column":16},"end":{"line":68,"column":1}}},"2":{"name":"(anonymous_2)","decl":{"start":{"line":57,"column":63},"end":{"line":57,"column":66}},"loc":{"start":{"line":57,"column":71},"end":{"line":61,"column":8}}},"3":{"name":"(anonymous_3)","decl":{"start":{"line":60,"column":31},"end":{"line":60,"column":32}},"loc":{"start":{"line":60,"column":50},"end":{"line":60,"column":60}}},"4":{"name":"sanitizeString","decl":{"start":{"line":73,"column":16},"end":{"line":73,"column":30}},"loc":{"start":{"line":73,"column":44},"end":{"line":78,"column":1}}},"5":{"name":"validateFilePath","decl":{"start":{"line":83,"column":16},"end":{"line":83,"column":32}},"loc":{"start":{"line":83,"column":45},"end":{"line":92,"column":1}}},"6":{"name":"createToolValidator","decl":{"start":{"line":97,"column":16},"end":{"line":97,"column":35}},"loc":{"start":{"line":97,"column":61},"end":{"line":108,"column":1}}},"7":{"name":"(anonymous_7)","decl":{"start":{"line":98,"column":9},"end":{"line":98,"column":10}},"loc":{"start":{"line":98,"column":31},"end":{"line":107,"column":3}}},"8":{"name":"(anonymous_8)","decl":{"start":{"line":102,"column":49},"end":{"line":102,"column":52}},"loc":{"start":{"line":102,"column":56},"end":{"line":102,"column":86}}},"9":{"name":"(anonymous_9)","decl":{"start":{"line":125,"column":4},"end":{"line":125,"column":7}},"loc":{"start":{"line":125,"column":11},"end":{"line":125,"column":69}}}},"branchMap":{"0":{"loc":{"start":{"line":30,"column":14},"end":{"line":30,"column":59}},"type":"binary-expr","locations":[{"start":{"line":30,"column":14},"end":{"line":30,"column":34}},{"start":{"line":30,"column":38},"end":{"line":30,"column":59}}]},"1":{"loc":{"start":{"line":56,"column":4},"end":{"line":63,"column":5}},"type":"if","locations":[{"start":{"line":56,"column":4},"end":{"line":63,"column":5}}]},"2":{"loc":{"start":{"line":86,"column":2},"end":{"line":88,"column":3}},"type":"if","locations":[{"start":{"line":86,"column":2},"end":{"line":88,"column":3}}]},"3":{"loc":{"start":{"line":101,"column":4},"end":{"line":104,"column":5}},"type":"if","locations":[{"start":{"line":101,"column":4},"end":{"line":104,"column":5}}]},"4":{"loc":{"start":{"line":125,"column":11},"end":{"line":125,"column":69}},"type":"binary-expr","locations":[{"start":{"line":125,"column":11},"end":{"line":125,"column":40}},{"start":{"line":125,"column":44},"end":{"line":125,"column":69}}]}},"s":{"0":2,"1":2,"2":2,"3":2,"4":2,"5":2,"6":11,"7":13,"8":13,"9":6,"10":7,"11":7,"12":10,"13":6,"14":7,"15":0,"16":3,"17":8,"18":8,"19":4,"20":4,"21":1,"22":3,"23":3,"24":2,"25":4,"26":2,"27":1,"28":2,"29":2,"30":4},"f":{"0":11,"1":13,"2":10,"3":6,"4":3,"5":8,"6":1,"7":3,"8":4,"9":4},"b":{"0":[11,8],"1":[7],"2":[4],"3":[2],"4":[4,3]}}
}
