TN:
SF:src/tools/calculator.ts
FN:30,(anonymous_0)
FN:90,sanitizeExpression
FN:106,evaluateExpression
FNF:3
FNH:3
FNDA:5,(anonymous_0)
FNDA:5,sanitizeExpression
FNDA:3,evaluateExpression
DA:7,3
DA:12,3
DA:31,5
DA:36,5
DA:37,5
DA:43,5
DA:46,3
DA:50,3
DA:52,3
DA:57,3
DA:66,2
DA:68,2
DA:74,2
DA:92,5
DA:94,5
DA:95,2
DA:100,3
DA:107,3
DA:110,3
DA:112,3
DA:113,0
DA:116,3
DA:118,0
LF:23
LH:21
BRDA:31,0,0,3
BRDA:50,1,0,3
BRDA:50,1,1,0
BRDA:66,2,0,2
BRDA:66,2,1,0
BRDA:70,3,0,2
BRDA:70,3,1,0
BRDA:94,4,0,2
BRDA:112,5,0,0
BRDA:112,6,0,3
BRDA:112,6,1,3
BRF:11
BRH:7
end_of_record
TN:
SF:src/tools/setup.ts
FN:25,setupTools
FN:33,getTool
FN:35,(anonymous_2)
FN:41,validateToolArguments
FN:47,(anonymous_4)
FN:52,(anonymous_5)
FNF:6
FNH:6
FNDA:8,setupTools
FNDA:7,getTool
FNDA:20,(anonymous_2)
FNDA:4,validateToolArguments
FNDA:6,(anonymous_4)
FNDA:2,(anonymous_5)
DA:7,2
DA:8,2
DA:9,2
DA:10,2
DA:15,2
DA:25,2
DA:27,8
DA:33,2
DA:34,7
DA:35,20
DA:41,2
DA:46,4
DA:47,6
DA:49,4
DA:50,2
DA:52,2
DA:56,2
LF:17
LH:17
BRDA:46,0,0,4
BRDA:46,0,1,0
BRDA:49,1,0,2
BRF:3
BRH:2
end_of_record
TN:
SF:src/tools/text-processing.ts
FN:64,(anonymous_0)
FN:140,countCharacters
FN:152,reverseGraphemes
FN:169,countWords
FN:177,(anonymous_4)
FN:182,(anonymous_5)
FN:193,analyzeSentiment
FN:254,normalizeText
FNF:8
FNH:8
FNDA:11,(anonymous_0)
FNDA:3,countCharacters
FNDA:1,reverseGraphemes
FNDA:1,countWords
FNDA:4,(anonymous_4)
FNDA:2,(anonymous_5)
FNDA:3,analyzeSentiment
FNDA:4,normalizeText
DA:6,3
DA:28,3
DA:65,11
DA:71,11
DA:72,11
DA:77,11
DA:78,11
DA:83,11
DA:86,11
DA:88,3
DA:89,3
DA:92,1
DA:93,1
DA:95,1
DA:96,1
DA:98,1
DA:99,1
DA:101,1
DA:102,1
DA:104,3
DA:105,3
DA:107,1
DA:110,10
DA:112,10
DA:114,10
DA:124,1
DA:125,1
DA:129,1
DA:142,3
DA:143,3
DA:144,3
DA:145,3
DA:146,3
DA:153,1
DA:154,1
DA:155,1
DA:156,1
DA:157,4
DA:158,1
DA:163,0
DA:170,1
DA:172,1
DA:173,1
DA:175,1
DA:177,4
DA:180,1
DA:182,2
DA:185,1
DA:187,1
DA:194,3
DA:195,3
DA:200,3
DA:216,3
DA:232,3
DA:233,3
DA:234,3
DA:235,21
DA:236,21
DA:239,3
DA:240,3
DA:243,3
DA:245,3
DA:247,3
DA:256,4
LF:64
LH:63
BRDA:71,0,0,11
BRDA:71,0,1,0
BRDA:73,1,0,11
BRDA:73,1,1,11
BRDA:74,2,0,11
BRDA:74,2,1,10
BRDA:86,3,0,3
BRDA:86,3,1,1
BRDA:86,3,2,1
BRDA:86,3,3,1
BRDA:86,3,4,1
BRDA:86,3,5,3
BRDA:86,3,6,1
BRDA:112,4,0,3
BRDA:112,4,1,7
BRDA:119,5,0,3
BRDA:119,5,1,7
BRDA:124,6,0,1
BRDA:124,6,1,0
BRDA:145,7,0,2
BRDA:145,7,1,1
BRDA:154,8,0,1
BRDA:154,9,0,1
BRDA:154,9,1,1
BRDA:185,10,0,1
BRDA:185,10,1,0
BRDA:235,11,0,5
BRDA:236,12,0,6
BRDA:240,13,0,3
BRDA:240,13,1,0
BRDA:243,14,0,1
BRDA:243,14,1,2
BRDA:243,15,0,1
BRDA:243,15,1,1
BRF:34
BRH:30
end_of_record
TN:
SF:src/utils/config.ts
FN:15,loadConfig
FN:22,(anonymous_1)
FN:37,validateConfig
FN:57,getConfig
FN:67,resetConfigCache
FN:74,isDevelopment
FN:81,isProduction
FN:88,isTest
FNF:8
FNH:8
FNDA:7,loadConfig
FNDA:2,(anonymous_1)
FNDA:1,validateConfig
FNDA:12,getConfig
FNDA:6,resetConfigCache
FNDA:3,isDevelopment
FNDA:3,isProduction
FNDA:3,isTest
DA:6,6
DA:7,6
DA:10,6
DA:15,6
DA:16,7
DA:22,2
DA:26,7
DA:27,7
DA:29,1
DA:30,1
DA:37,6
DA:38,1
DA:39,1
DA:40,0
DA:47,1
DA:48,1
DA:55,6
DA:57,6
DA:58,12
DA:59,5
DA:61,12
DA:67,6
DA:68,6
DA:74,6
DA:75,3
DA:81,6
DA:82,3
DA:88,6
DA:89,3
LF:29
LH:28
BRDA:17,0,0,7
BRDA:17,0,1,0
BRDA:58,1,0,5
BRF:3
BRH:2
end_of_record
TN:
SF:src/utils/errors.ts
FN:17,(anonymous_0)
FN:38,(anonymous_1)
FN:48,(anonymous_2)
FN:63,(anonymous_3)
FN:77,createErrorResponse
FN:112,generateRequestId
FN:119,asyncErrorHandler
FN:122,(anonymous_7)
FN:144,isError
FN:151,getErrorMessage
FN:166,setupGlobalErrorHandlers
FN:167,(anonymous_11)
FN:173,(anonymous_12)
FNF:13
FNH:13
FNDA:8,(anonymous_0)
FNDA:3,(anonymous_1)
FNDA:1,(anonymous_2)
FNDA:1,(anonymous_3)
FNDA:3,createErrorResponse
FNDA:3,generateRequestId
FNDA:3,asyncErrorHandler
FNDA:3,(anonymous_7)
FNDA:4,isError
FNDA:3,getErrorMessage
FNDA:4,setupGlobalErrorHandlers
FNDA:1,(anonymous_11)
FNDA:1,(anonymous_12)
DA:7,2
DA:12,2
DA:23,8
DA:24,8
DA:25,8
DA:26,8
DA:27,8
DA:30,8
DA:37,2
DA:39,3
DA:40,3
DA:47,2
DA:49,1
DA:55,1
DA:62,2
DA:64,1
DA:70,1
DA:77,2
DA:81,3
DA:82,3
DA:85,3
DA:86,1
DA:87,1
DA:88,1
DA:89,2
DA:90,1
DA:91,1
DA:94,3
DA:104,3
DA:106,3
DA:112,2
DA:113,3
DA:119,2
DA:122,3
DA:123,3
DA:124,3
DA:126,3
DA:127,1
DA:131,2
DA:144,2
DA:145,4
DA:151,2
DA:152,3
DA:153,1
DA:156,2
DA:157,1
DA:160,1
DA:166,2
DA:167,4
DA:168,1
DA:173,4
DA:174,1
DA:175,1
LF:53
LH:53
BRDA:19,0,0,0
BRDA:20,1,0,0
BRDA:51,2,0,1
BRDA:51,2,1,0
BRDA:51,3,0,1
BRDA:51,3,1,1
BRDA:51,3,2,1
BRDA:66,4,0,1
BRDA:66,4,1,0
BRDA:66,5,0,1
BRDA:66,5,1,1
BRDA:66,5,2,1
BRDA:79,6,0,0
BRDA:85,7,0,1
BRDA:85,7,1,2
BRDA:89,8,0,1
BRDA:126,9,0,1
BRDA:132,10,0,1
BRDA:132,10,1,1
BRDA:135,11,0,1
BRDA:135,11,1,1
BRDA:152,12,0,1
BRDA:156,13,0,1
BRDA:168,14,0,0
BRDA:168,14,1,1
BRF:25
BRH:19
end_of_record
TN:
SF:src/utils/validation.ts
FN:30,(anonymous_0)
FN:48,validateInput
FN:57,(anonymous_2)
FN:60,(anonymous_3)
FN:73,sanitizeString
FN:83,validateFilePath
FN:97,createToolValidator
FN:98,(anonymous_7)
FN:102,(anonymous_8)
FN:125,(anonymous_9)
FNF:10
FNH:10
FNDA:11,(anonymous_0)
FNDA:13,validateInput
FNDA:10,(anonymous_2)
FNDA:6,(anonymous_3)
FNDA:3,sanitizeString
FNDA:8,validateFilePath
FNDA:1,createToolValidator
FNDA:3,(anonymous_7)
FNDA:4,(anonymous_8)
FNDA:4,(anonymous_9)
DA:6,2
DA:12,2
DA:30,11
DA:48,2
DA:52,13
DA:53,13
DA:54,6
DA:56,7
DA:57,10
DA:60,6
DA:62,7
DA:66,0
DA:73,2
DA:74,3
DA:83,2
DA:84,8
DA:86,8
DA:87,4
DA:91,4
DA:97,2
DA:98,1
DA:99,3
DA:101,3
DA:102,4
DA:103,2
DA:106,1
DA:113,2
DA:121,2
DA:125,4
LF:29
LH:28
BRDA:30,0,0,11
BRDA:30,0,1,8
BRDA:56,1,0,7
BRDA:86,2,0,4
BRDA:101,3,0,2
BRDA:125,4,0,4
BRDA:125,4,1,3
BRF:7
BRH:7
end_of_record
